<?xml version="1.0" encoding="UTF-8"?>
<testsuite name="com.idevhub.tapas.service.UserServiceIT" tests="1" skipped="0" failures="0" errors="0" timestamp="2021-02-09T20:43:25" hostname="iMac-Aleksandr-2.local" time="0.064">
  <properties/>
  <testcase name="assertThatAnonymousUserIsNotGet()" classname="com.idevhub.tapas.service.UserServiceIT" time="0.064"/>
  <system-out><![CDATA[]]></system-out>
  <system-err><![CDATA[]]></system-err>
</testsuite>
