<?xml version="1.0" encoding="UTF-8"?>
<testsuite name="com.idevhub.tapas.service.StatehoodSubjectRepresentLookupServiceTest" tests="2" skipped="0" failures="0" errors="0" timestamp="2021-02-09T20:44:35" hostname="iMac-Aleksandr-2.local" time="0.019">
  <properties/>
  <testcase name="testTryToGetAndCheckRepresent1()" classname="com.idevhub.tapas.service.StatehoodSubjectRepresentLookupServiceTest" time="0.016"/>
  <testcase name="testTryToGetAndCheckRepresent2()" classname="com.idevhub.tapas.service.StatehoodSubjectRepresentLookupServiceTest" time="0.002"/>
  <system-out><![CDATA[2021-02-09 22:44:35.766 DEBUG 7952 --- [    Test worker] s.StatehoodSubjectRepresentLookupService : Try to get and check represent for userId=0
2021-02-09 22:44:35.783 DEBUG 7952 --- [    Test worker] s.StatehoodSubjectRepresentLookupService : Try to get and check represent for userId=0 and subjectId=0
]]></system-out>
  <system-err><![CDATA[]]></system-err>
</testsuite>
