<?xml version="1.0" encoding="UTF-8"?>
<testsuite name="com.idevhub.tapas.ArchTest" tests="1" skipped="0" failures="0" errors="0" timestamp="2021-02-09T20:44:13" hostname="iMac-Aleksandr-2.local" time="3.347">
  <properties/>
  <testcase name="servicesAndRepositoriesShouldNotDependOnWebLayer()" classname="com.idevhub.tapas.ArchTest" time="3.347"/>
  <system-out><![CDATA[2021-02-09 22:44:13.666  INFO 7952 --- [    Test worker] com.tngtech.archunit.core.PluginLoader   : Detected Java version 11.0.9
2021-02-09 22:44:13.667 DEBUG 7952 --- [    Test worker] com.tngtech.archunit.core.PluginLoader   : Current Java version is compatible to JAVA_9 => Loading Plugin com.tngtech.archunit.core.importer.ModuleImportPlugin
]]></system-out>
  <system-err><![CDATA[]]></system-err>
</testsuite>
