<?xml version="1.0" encoding="UTF-8"?>
<testsuite name="com.idevhub.tapas.web.rest.errors.UserNotFoundExceptionTest" tests="1" skipped="0" failures="0" errors="0" timestamp="2021-02-09T20:43:42" hostname="iMac-Aleksandr-2.local" time="0.003">
  <properties/>
  <testcase name="testEntityNamee()" classname="com.idevhub.tapas.web.rest.errors.UserNotFoundExceptionTest" time="0.003"/>
  <system-out><![CDATA[]]></system-out>
  <system-err><![CDATA[]]></system-err>
</testsuite>
