<?xml version="1.0" encoding="UTF-8"?>
<testsuite name="com.idevhub.tapas.web.rest.errors.InvalidPasswordExceptionTest" tests="1" skipped="0" failures="0" errors="0" timestamp="2021-02-09T20:43:42" hostname="iMac-Aleksandr-2.local" time="0.021">
  <properties/>
  <testcase name="testToTitle()" classname="com.idevhub.tapas.web.rest.errors.InvalidPasswordExceptionTest" time="0.021"/>
  <system-out><![CDATA[]]></system-out>
  <system-err><![CDATA[]]></system-err>
</testsuite>
