<?xml version="1.0" encoding="UTF-8"?>
<testsuite name="com.idevhub.tapas.web.rest.StatehoodSubjectResourceTest" tests="6" skipped="0" failures="0" errors="0" timestamp="2021-02-09T20:43:41" hostname="iMac-Aleksandr-2.local" time="0.445">
  <properties/>
  <testcase name="testCreateStatehoodSubject()" classname="com.idevhub.tapas.web.rest.StatehoodSubjectResourceTest" time="0.402"/>
  <testcase name="testDeleteStatehoodSubject()" classname="com.idevhub.tapas.web.rest.StatehoodSubjectResourceTest" time="0.008"/>
  <testcase name="testGetAllStatehoodSubjects()" classname="com.idevhub.tapas.web.rest.StatehoodSubjectResourceTest" time="0.022"/>
  <testcase name="testUpdateStatehoodSubject()" classname="com.idevhub.tapas.web.rest.StatehoodSubjectResourceTest" time="0.002"/>
  <testcase name="testGetStatehoodSubject()" classname="com.idevhub.tapas.web.rest.StatehoodSubjectResourceTest" time="0.002"/>
  <testcase name="testSendConfirmationEmail()" classname="com.idevhub.tapas.web.rest.StatehoodSubjectResourceTest" time="0.002"/>
  <system-out><![CDATA[]]></system-out>
  <system-err><![CDATA[]]></system-err>
</testsuite>
