<?xml version="1.0" encoding="UTF-8"?>
<testsuite name="com.idevhub.tapas.security.UserNotActivatedExceptionTest" tests="1" skipped="0" failures="0" errors="0" timestamp="2021-02-09T20:43:41" hostname="iMac-Aleksandr-2.local" time="0.004">
  <properties/>
  <testcase name="testToString()" classname="com.idevhub.tapas.security.UserNotActivatedExceptionTest" time="0.004"/>
  <system-out><![CDATA[]]></system-out>
  <system-err><![CDATA[]]></system-err>
</testsuite>
