<?xml version="1.0" encoding="UTF-8"?>
<testsuite name="com.idevhub.tapas.security.LdapUserDetailsTest" tests="4" skipped="0" failures="0" errors="0" timestamp="2021-02-09T20:43:41" hostname="iMac-Aleksandr-2.local" time="0.02">
  <properties/>
  <testcase name="testSettersGetters()" classname="com.idevhub.tapas.security.LdapUserDetailsTest" time="0.016"/>
  <testcase name="testToString()" classname="com.idevhub.tapas.security.LdapUserDetailsTest" time="0.0"/>
  <testcase name="testHashCode()" classname="com.idevhub.tapas.security.LdapUserDetailsTest" time="0.0"/>
  <testcase name="testEquals()" classname="com.idevhub.tapas.security.LdapUserDetailsTest" time="0.001"/>
  <system-out><![CDATA[]]></system-out>
  <system-err><![CDATA[]]></system-err>
</testsuite>
