<?xml version="1.0" encoding="UTF-8"?>
<testsuite name="com.idevhub.tapas.security.thirdapp.PreAuthenticatedThitdAppProviderTest" tests="2" skipped="0" failures="0" errors="0" timestamp="2021-02-09T20:43:41" hostname="iMac-Aleksandr-2.local" time="0.014">
  <properties/>
  <testcase name="testAuthenticate()" classname="com.idevhub.tapas.security.thirdapp.PreAuthenticatedThitdAppProviderTest" time="0.012"/>
  <testcase name="testAuthenticate_ThrowsAuthenticationException()" classname="com.idevhub.tapas.security.thirdapp.PreAuthenticatedThitdAppProviderTest" time="0.002"/>
  <system-out><![CDATA[]]></system-out>
  <system-err><![CDATA[]]></system-err>
</testsuite>
