<?xml version="1.0" encoding="UTF-8"?>
<testsuite name="com.idevhub.tapas.security.CustomUserDetailsTest" tests="5" skipped="0" failures="0" errors="0" timestamp="2021-02-09T20:43:41" hostname="iMac-Aleksandr-2.local" time="0.282">
  <properties/>
  <testcase name="create()" classname="com.idevhub.tapas.security.CustomUserDetailsTest" time="0.267"/>
  <testcase name="testToString()" classname="com.idevhub.tapas.security.CustomUserDetailsTest" time="0.002"/>
  <testcase name="testEraseCredentials()" classname="com.idevhub.tapas.security.CustomUserDetailsTest" time="0.001"/>
  <testcase name="testHashCode()" classname="com.idevhub.tapas.security.CustomUserDetailsTest" time="0.006"/>
  <testcase name="testEquals()" classname="com.idevhub.tapas.security.CustomUserDetailsTest" time="0.001"/>
  <system-out><![CDATA[]]></system-out>
  <system-err><![CDATA[]]></system-err>
</testsuite>
