<?xml version="1.0" encoding="UTF-8"?>
<testsuite name="com.idevhub.tapas.service.NotificationServiceTest" tests="2" skipped="0" failures="0" errors="0" timestamp="2021-02-09T20:44:42" hostname="iMac-Aleksandr-2.local" time="0.799">
  <properties/>
  <testcase name="testSaveAproveEmail()" classname="com.idevhub.tapas.service.NotificationServiceTest" time="0.739"/>
  <testcase name="sendAndDelete()" classname="com.idevhub.tapas.service.NotificationServiceTest" time="0.058"/>
  <system-out><![CDATA[  __    __       ___           ___
 |  |  |  |     /   \         /   \
 |  |  |  |    /  ^  \       /  ^  \
 |  |  |  |   /  /_\  \     /  /_\  \
 |  `--'  |  /  _____  \   /  _____  \
  \______/  /__/     \__\ /__/     \__\

:: IDEV-HUB ?  :: Running Spring Boot 2.3.7.RELEASE ::

2021-02-09 22:44:36.388  INFO 7952 --- [    Test worker] c.i.t.service.NotificationServiceTest    : No active profile set, falling back to default profiles: default
2021-02-09 22:44:37.323 DEBUG 7952 --- [    Test worker] c.i.tapas.config.AsyncConfiguration      : Creating Async Task Executor
2021-02-09 22:44:37.346 DEBUG 7952 --- [    Test worker] c.i.tapas.config.LiquibaseConfiguration  : Configuring Liquibase
2021-02-09 22:44:37.353 DEBUG 7952 --- [    Test worker] i.g.j.c.liquibase.AsyncSpringLiquibase   : Starting Liquibase synchronously
2021-02-09 22:44:38.170 DEBUG 7952 --- [    Test worker] i.g.j.c.liquibase.AsyncSpringLiquibase   : Liquibase has updated your database in 816 ms
2021-02-09 22:44:38.246 DEBUG 7952 --- [    Test worker] c.i.tapas.config.CacheConfiguration      : Configuring Hazelcast
2021-02-09 22:44:38.246 DEBUG 7952 --- [    Test worker] c.i.tapas.config.CacheConfiguration      : Hazelcast already initialized
2021-02-09 22:44:39.983 DEBUG 7952 --- [    Test worker] c.i.tapas.config.CacheConfiguration      : Starting HazelcastCacheManager
2021-02-09 22:44:41.097  WARN 7952 --- [    Test worker] o.s.c.n.a.ArchaiusAutoConfiguration      : Netflix ConfigurationManager has already been installed, unable to re-install
2021-02-09 22:44:41.576  INFO 7952 --- [    Test worker] HipsterLoggingMetricsExportConfiguration : Initializing Metrics Log reporting
2021-02-09 22:44:41.735 DEBUG 7952 --- [    Test worker] io.fabric8.kubernetes.client.Config      : Trying to configure client from Kubernetes config...
2021-02-09 22:44:41.735 DEBUG 7952 --- [    Test worker] io.fabric8.kubernetes.client.Config      : Found for Kubernetes config at: [/Users/aleksandrshvydanenko/.kube/config].
2021-02-09 22:44:41.737 DEBUG 7952 --- [    Test worker] io.fabric8.kubernetes.client.Config      : Trying to configure client from Kubernetes config...
2021-02-09 22:44:41.738 DEBUG 7952 --- [    Test worker] io.fabric8.kubernetes.client.Config      : Found for Kubernetes config at: [/Users/aleksandrshvydanenko/.kube/config].
2021-02-09 22:44:42.426  INFO 7952 --- [    Test worker] i.g.j.config.logging.LoggingUtils        : Filtering metrics logs from all appenders except the LOGSTASH appender
2021-02-09 22:44:42.429 DEBUG 7952 --- [    Test worker] i.g.j.config.logging.LoggingUtils        : Filter metrics logs from the CONSOLE appender
2021-02-09 22:44:42.429 DEBUG 7952 --- [    Test worker] i.g.j.config.logging.LoggingUtils        : Filter metrics logs from the FILE appender
2021-02-09 22:44:42.449  INFO 7952 --- [    Test worker] c.i.t.service.NotificationServiceTest    : Started NotificationServiceTest in 6.548 seconds (JVM running for 72.601)
2021-02-09 22:44:43.375 DEBUG 7952 --- [    Test worker] c.i.tapas.service.NotificationService    : Request to save Notification : Notification{id=null, content='<!DOCTYPE html>
<html lang="ua">
<head>
    <title>????????? ???? ???????? ????? ?? ????????? ???????????????? ??????? ?? ????????? ?? ?????????????? ??????? ?? ??????? ?????? ??????????? ??????????.</title>
    <meta http-equiv="Content-Type" content="text/html; charset=UTF-8" />
</head>
<body>

<p>???????? ??????????? subjectName.</p>
<p>???? ???? ?????? ????? null.</p>

<p>?? ???????????? ???????? ????? ????? ?? ??????? ?????? ???????? ??????? ????? ??? null ??????? ?? ??????????? ?????? ??????????? ??????????.</p>
<p>?????????? ?? ??????? ?????? ?????? 405 ??????? ??????? ??????? ??????? ????? ? ??????? ?????? ????????:</p>


<table class=MsoTableGrid border=0 cellspacing=0 cellpadding=0
       style='border-collapse:collapse;border:none;mso-yfti-tbllook:1184;mso-padding-alt:
 0cm 5.4pt 0cm 5.4pt;mso-border-insideh:none;mso-border-insidev:none'>

    <tr>
        <td width=411 valign=top style='width:246.4pt;padding:0cm 5.4pt 0cm 5.4pt'>
            <p>????? ???????????? ????????? ????? ??? ????????, ???? ?? ?? ???????? ???????????-??????????</p>
        </td>
        <td width=411 valign=top style='width:246.35pt;padding:0cm 5.4pt 0cm 5.4pt'>
            <p>subjectFullNameFromRegister</p>
        </td>
    </tr>

    <tr>
        <td width=411 valign=top style='width:246.4pt;padding:0cm 5.4pt 0cm 5.4pt'>
            <p>???????????????? ??? ????????? ????? ??? ????????????? ????? ????????? ?????? ???????? ???????? ?? ????? ???????????? ????????</p>
        </td>
        <td width=411 valign=top style='width:246.35pt;padding:0cm 5.4pt 0cm 5.4pt'>
            <p>edrpouFromRegister</p>
        </td>
    </tr>

    <tr>
        <td width=411 valign=top style='width:246.4pt;padding:0cm 5.4pt 0cm 5.4pt'>
            <p>???????????????? ????????? ????? ??? ????? ?????????? ???????????-??????????</p>
        </td>
        <td width=411 valign=top style='width:246.35pt;padding:0cm 5.4pt 0cm 5.4pt'>
            <p>legalAddressFromRegister</p>
        </td>
    </tr>

    <tr>
        <td width=411 valign=top style='width:246.4pt;padding:0cm 5.4pt 0cm 5.4pt'>
            <p>????? ? ???? ?????? ? ???????  ?????? ????????</p>
        </td>
        <td width=411 valign=top style='width:246.35pt;padding:0cm 5.4pt 0cm 5.4pt'>
            <p>brokerRegNumber</p>
            <p>recordingToRegisterDate</p>
        </td>
    </tr>

</table>

<p>
    <span>? ???????  ??????????? ??????????? ??????? ???????? ?? ??????? ?????????? ?????????????.</span>
    <br/>

</p>

</body>
</html>
', subject='null', address='null', type='EMAIL', creationDate='2021-02-09T20:44:43.375208Z'}
2021-02-09 22:44:43.414 DEBUG 7952 --- [    Test worker] c.i.tapas.service.NotificationService    : Request to save Notification : Notification{id=null, content='<!DOCTYPE html>
<html lang="ua">
<head>
    <title>????????? ???? ???????? ????? ?? ????????? ???????????????? ??????? ?? ?????????? ?? ?????????? ??????? ?? ??????? ?????? ??????????? ??????????/</title>
    <meta http-equiv="Content-Type" content="text/html; charset=UTF-8" />
</head>
<body>


<p>???????? ??????????? subjectName.</p>

<p>???? ???? ?????? ????? null.</p>

<p>?? ???????????? ???????? ????? ????? ?? ??????? ?????? ???????? ??????? ????? ??? null ??????? ?? ??????????? ?????? ??????????? ??????????.</p>


<p>
    <span>? ???????  ??????????? ??????????? ??????? ???????? ?? ??????? ?????????? ?????????????.</span>
    <br/>

</p>

</body>
</html>






', subject='null', address='null', type='EMAIL', creationDate='2021-02-09T20:44:43.414156Z'}
2021-02-09 22:44:43.474  INFO 7952 --- [    Test worker] c.i.tapas.service.NotificationService    : sendMail  - 1612903483
]]></system-out>
  <system-err><![CDATA[]]></system-err>
</testsuite>
