<?xml version="1.0" encoding="UTF-8"?>
<testsuite name="com.idevhub.tapas.web.rest.EmailConfirmationResourceTest" tests="4" skipped="0" failures="0" errors="0" timestamp="2021-02-09T20:43:42" hostname="iMac-Aleksandr-2.local" time="0.113">
  <properties/>
  <testcase name="testGetAllEmailConfirmations()" classname="com.idevhub.tapas.web.rest.EmailConfirmationResourceTest" time="0.094"/>
  <testcase name="testGetEmailConfirmation()" classname="com.idevhub.tapas.web.rest.EmailConfirmationResourceTest" time="0.012"/>
  <testcase name="testConfirmEmail()" classname="com.idevhub.tapas.web.rest.EmailConfirmationResourceTest" time="0.001"/>
  <testcase name="testDeleteEmailConfirmation()" classname="com.idevhub.tapas.web.rest.EmailConfirmationResourceTest" time="0.002"/>
  <system-out><![CDATA[]]></system-out>
  <system-err><![CDATA[]]></system-err>
</testsuite>
