<?xml version="1.0" encoding="UTF-8"?>
<testsuite name="com.idevhub.tapas.security.SecurityUtilsUnitTest" tests="4" skipped="0" failures="0" errors="0" timestamp="2021-02-09T20:43:41" hostname="iMac-Aleksandr-2.local" time="0.017">
  <properties/>
  <testcase name="testGetCurrentUserLogin()" classname="com.idevhub.tapas.security.SecurityUtilsUnitTest" time="0.012"/>
  <testcase name="testIsCurrentUserInRole()" classname="com.idevhub.tapas.security.SecurityUtilsUnitTest" time="0.001"/>
  <testcase name="testIsAuthenticated()" classname="com.idevhub.tapas.security.SecurityUtilsUnitTest" time="0.001"/>
  <testcase name="testAnonymousIsNotAuthenticated()" classname="com.idevhub.tapas.security.SecurityUtilsUnitTest" time="0.001"/>
  <system-out><![CDATA[]]></system-out>
  <system-err><![CDATA[]]></system-err>
</testsuite>
