<?xml version="1.0" encoding="UTF-8"?>
<testsuite name="com.idevhub.tapas.security.UserIdTokenEnhancerTest" tests="1" skipped="0" failures="0" errors="0" timestamp="2021-02-09T20:43:41" hostname="iMac-Aleksandr-2.local" time="0.001">
  <properties/>
  <testcase name="testEnhance()" classname="com.idevhub.tapas.security.UserIdTokenEnhancerTest" time="0.001"/>
  <system-out><![CDATA[]]></system-out>
  <system-err><![CDATA[]]></system-err>
</testsuite>
