<?xml version="1.0" encoding="UTF-8"?>
<testsuite name="com.idevhub.tapas.service.impl.AdminServiceRequestServiceImplTest" tests="8" skipped="0" failures="0" errors="0" timestamp="2021-02-09T20:44:35" hostname="iMac-Aleksandr-2.local" time="0.621">
  <properties/>
  <testcase name="testGetFullRespDTO()" classname="com.idevhub.tapas.service.impl.AdminServiceRequestServiceImplTest" time="0.583"/>
  <testcase name="testGetASRWarehouseUpdateData()" classname="com.idevhub.tapas.service.impl.AdminServiceRequestServiceImplTest" time="0.017"/>
  <testcase name="testGetASRBrokerageUpdateData()" classname="com.idevhub.tapas.service.impl.AdminServiceRequestServiceImplTest" time="0.003"/>
  <testcase name="testGetDataToApproveRequest()" classname="com.idevhub.tapas.service.impl.AdminServiceRequestServiceImplTest" time="0.003"/>
  <testcase name="getCurrentDeclarantIdOrThrowEx()" classname="com.idevhub.tapas.service.impl.AdminServiceRequestServiceImplTest" time="0.003"/>
  <testcase name="testGetASRWarehouseCreateData()" classname="com.idevhub.tapas.service.impl.AdminServiceRequestServiceImplTest" time="0.003"/>
  <testcase name="testGetASRBrokerageCreateData()" classname="com.idevhub.tapas.service.impl.AdminServiceRequestServiceImplTest" time="0.003"/>
  <testcase name="testGetCurrentUserFullRespDTO()" classname="com.idevhub.tapas.service.impl.AdminServiceRequestServiceImplTest" time="0.002"/>
  <system-out><![CDATA[]]></system-out>
  <system-err><![CDATA[]]></system-err>
</testsuite>
