<?xml version="1.0" encoding="UTF-8"?>
<testsuite name="com.idevhub.tapas.web.rest.AddressResourceTest" tests="2" skipped="0" failures="0" errors="0" timestamp="2021-02-09T20:43:42" hostname="iMac-Aleksandr-2.local" time="0.12">
  <properties/>
  <testcase name="testGetAllAddresses()" classname="com.idevhub.tapas.web.rest.AddressResourceTest" time="0.116"/>
  <testcase name="testGetAddress()" classname="com.idevhub.tapas.web.rest.AddressResourceTest" time="0.001"/>
  <system-out><![CDATA[]]></system-out>
  <system-err><![CDATA[]]></system-err>
</testsuite>
