<?xml version="1.0" encoding="UTF-8"?>
<testsuite name="com.idevhub.tapas.privilege.service.UaaPrivilegesProviderTest" tests="1" skipped="0" failures="0" errors="0" timestamp="2021-02-09T20:44:52" hostname="iMac-Aleksandr-2.local" time="0.098">
  <properties/>
  <testcase name="getPrivileges()" classname="com.idevhub.tapas.privilege.service.UaaPrivilegesProviderTest" time="0.098"/>
  <system-out><![CDATA[2021-02-09 22:44:52.038  INFO 7973 --- [    Test worker] .b.t.c.SpringBootTestContextBootstrapper : Neither @ContextConfiguration nor @ContextHierarchy found for test class [com.idevhub.tapas.privilege.service.UaaPrivilegesProviderTest], using SpringBootContextLoader
2021-02-09 22:44:52.040  INFO 7973 --- [    Test worker] o.s.t.c.support.AbstractContextLoader    : Could not detect default resource locations for test class [com.idevhub.tapas.privilege.service.UaaPrivilegesProviderTest]: no resource found for suffixes {-context.xml, Context.groovy}.
2021-02-09 22:44:52.046  INFO 7973 --- [    Test worker] .b.t.c.SpringBootTestContextBootstrapper : Loaded default TestExecutionListener class names from location [META-INF/spring.factories]: [org.springframework.cloud.contract.stubrunner.provider.wiremock.StubRunnerWireMockTestExecutionListener, org.springframework.boot.test.autoconfigure.restdocs.RestDocsTestExecutionListener, org.springframework.boot.test.autoconfigure.web.client.MockRestServiceServerResetTestExecutionListener, org.springframework.boot.test.autoconfigure.web.servlet.MockMvcPrintOnlyOnFailureTestExecutionListener, org.springframework.boot.test.autoconfigure.web.servlet.WebDriverTestExecutionListener, org.springframework.boot.test.autoconfigure.webservices.client.MockWebServiceServerTestExecutionListener, org.springframework.boot.test.mock.mockito.MockitoTestExecutionListener, org.springframework.boot.test.mock.mockito.ResetMocksTestExecutionListener, org.springframework.cloud.contract.wiremock.WireMockTestExecutionListener, org.springframework.test.context.web.ServletTestExecutionListener, org.springframework.test.context.support.DirtiesContextBeforeModesTestExecutionListener, org.springframework.test.context.support.DependencyInjectionTestExecutionListener, org.springframework.test.context.support.DirtiesContextTestExecutionListener, org.springframework.test.context.transaction.TransactionalTestExecutionListener, org.springframework.test.context.jdbc.SqlScriptsTestExecutionListener, org.springframework.test.context.event.EventPublishingTestExecutionListener]
2021-02-09 22:44:52.048  INFO 7973 --- [    Test worker] .b.t.c.SpringBootTestContextBootstrapper : Using TestExecutionListeners: [org.springframework.test.context.support.DirtiesContextBeforeModesTestExecutionListener@7c836a00, org.springframework.boot.test.mock.mockito.MockitoTestExecutionListener@72ac5367, org.springframework.boot.test.autoconfigure.SpringBootDependencyInjectionTestExecutionListener@3021156b, org.springframework.test.context.support.DirtiesContextTestExecutionListener@228d05fe, org.springframework.test.context.event.EventPublishingTestExecutionListener@45b9a8c5, org.springframework.boot.test.autoconfigure.restdocs.RestDocsTestExecutionListener@551efc7e, org.springframework.boot.test.autoconfigure.web.client.MockRestServiceServerResetTestExecutionListener@6d2c21fb, org.springframework.boot.test.autoconfigure.web.servlet.MockMvcPrintOnlyOnFailureTestExecutionListener@27447b55, org.springframework.boot.test.autoconfigure.web.servlet.WebDriverTestExecutionListener@2f3310f8, org.springframework.boot.test.autoconfigure.webservices.client.MockWebServiceServerTestExecutionListener@dece46c, org.springframework.boot.test.mock.mockito.ResetMocksTestExecutionListener@1c33fd3, org.springframework.cloud.contract.stubrunner.provider.wiremock.StubRunnerWireMockTestExecutionListener@5d9726d, org.springframework.cloud.contract.wiremock.WireMockTestExecutionListener@32da06fe]
]]></system-out>
  <system-err><![CDATA[]]></system-err>
</testsuite>
