<?xml version="1.0" encoding="UTF-8"?>
<testsuite name="com.idevhub.tapas.privilege.service.DefaultPrivilegeContainsCheckServiceTest" tests="2" skipped="0" failures="0" errors="0" timestamp="2021-02-09T20:44:51" hostname="iMac-Aleksandr-2.local" time="0.082">
  <properties/>
  <testcase name="checkPrivilege_Positive()" classname="com.idevhub.tapas.privilege.service.DefaultPrivilegeContainsCheckServiceTest" time="0.073"/>
  <testcase name="checkPrivilege_Negative()" classname="com.idevhub.tapas.privilege.service.DefaultPrivilegeContainsCheckServiceTest" time="0.007"/>
  <system-out><![CDATA[22:44:47.941 [Test worker] DEBUG org.springframework.test.context.BootstrapUtils - Instantiating CacheAwareContextLoaderDelegate from class [org.springframework.test.context.cache.DefaultCacheAwareContextLoaderDelegate]
22:44:47.986 [Test worker] DEBUG org.springframework.test.context.BootstrapUtils - Instantiating BootstrapContext using constructor [public org.springframework.test.context.support.DefaultBootstrapContext(java.lang.Class,org.springframework.test.context.CacheAwareContextLoaderDelegate)]
22:44:48.075 [Test worker] DEBUG org.springframework.test.context.BootstrapUtils - Instantiating TestContextBootstrapper for test class [com.idevhub.tapas.privilege.service.DefaultPrivilegeContainsCheckServiceTest] from class [org.springframework.boot.test.context.SpringBootTestContextBootstrapper]
22:44:48.125 [Test worker] INFO org.springframework.boot.test.context.SpringBootTestContextBootstrapper - Neither @ContextConfiguration nor @ContextHierarchy found for test class [com.idevhub.tapas.privilege.service.DefaultPrivilegeContainsCheckServiceTest], using SpringBootContextLoader
22:44:48.133 [Test worker] DEBUG org.springframework.test.context.support.AbstractContextLoader - Did not detect default resource location for test class [com.idevhub.tapas.privilege.service.DefaultPrivilegeContainsCheckServiceTest]: class path resource [com/idevhub/tapas/privilege/service/DefaultPrivilegeContainsCheckServiceTest-context.xml] does not exist
22:44:48.134 [Test worker] DEBUG org.springframework.test.context.support.AbstractContextLoader - Did not detect default resource location for test class [com.idevhub.tapas.privilege.service.DefaultPrivilegeContainsCheckServiceTest]: class path resource [com/idevhub/tapas/privilege/service/DefaultPrivilegeContainsCheckServiceTestContext.groovy] does not exist
22:44:48.134 [Test worker] INFO org.springframework.test.context.support.AbstractContextLoader - Could not detect default resource locations for test class [com.idevhub.tapas.privilege.service.DefaultPrivilegeContainsCheckServiceTest]: no resource found for suffixes {-context.xml, Context.groovy}.
22:44:48.261 [Test worker] DEBUG org.springframework.test.context.support.ActiveProfilesUtils - Could not find an 'annotation declaring class' for annotation type [org.springframework.test.context.ActiveProfiles] and class [com.idevhub.tapas.privilege.service.DefaultPrivilegeContainsCheckServiceTest]
22:44:48.501 [Test worker] DEBUG org.springframework.boot.test.context.SpringBootTestContextBootstrapper - @TestExecutionListeners is not present for class [com.idevhub.tapas.privilege.service.DefaultPrivilegeContainsCheckServiceTest]: using defaults.
22:44:48.502 [Test worker] INFO org.springframework.boot.test.context.SpringBootTestContextBootstrapper - Loaded default TestExecutionListener class names from location [META-INF/spring.factories]: [org.springframework.cloud.contract.stubrunner.provider.wiremock.StubRunnerWireMockTestExecutionListener, org.springframework.boot.test.autoconfigure.restdocs.RestDocsTestExecutionListener, org.springframework.boot.test.autoconfigure.web.client.MockRestServiceServerResetTestExecutionListener, org.springframework.boot.test.autoconfigure.web.servlet.MockMvcPrintOnlyOnFailureTestExecutionListener, org.springframework.boot.test.autoconfigure.web.servlet.WebDriverTestExecutionListener, org.springframework.boot.test.autoconfigure.webservices.client.MockWebServiceServerTestExecutionListener, org.springframework.boot.test.mock.mockito.MockitoTestExecutionListener, org.springframework.boot.test.mock.mockito.ResetMocksTestExecutionListener, org.springframework.cloud.contract.wiremock.WireMockTestExecutionListener, org.springframework.test.context.web.ServletTestExecutionListener, org.springframework.test.context.support.DirtiesContextBeforeModesTestExecutionListener, org.springframework.test.context.support.DependencyInjectionTestExecutionListener, org.springframework.test.context.support.DirtiesContextTestExecutionListener, org.springframework.test.context.transaction.TransactionalTestExecutionListener, org.springframework.test.context.jdbc.SqlScriptsTestExecutionListener, org.springframework.test.context.event.EventPublishingTestExecutionListener]
22:44:48.529 [Test worker] DEBUG org.springframework.boot.test.context.SpringBootTestContextBootstrapper - Skipping candidate TestExecutionListener [org.springframework.test.context.web.ServletTestExecutionListener] due to a missing dependency. Specify custom listener classes or make the default listener classes and their required dependencies available. Offending class: [javax/servlet/ServletContext]
22:44:48.533 [Test worker] DEBUG org.springframework.boot.test.context.SpringBootTestContextBootstrapper - Skipping candidate TestExecutionListener [org.springframework.test.context.transaction.TransactionalTestExecutionListener] due to a missing dependency. Specify custom listener classes or make the default listener classes and their required dependencies available. Offending class: [org/springframework/transaction/interceptor/TransactionAttributeSource]
22:44:48.533 [Test worker] DEBUG org.springframework.boot.test.context.SpringBootTestContextBootstrapper - Skipping candidate TestExecutionListener [org.springframework.test.context.jdbc.SqlScriptsTestExecutionListener] due to a missing dependency. Specify custom listener classes or make the default listener classes and their required dependencies available. Offending class: [org/springframework/transaction/interceptor/TransactionAttribute]
22:44:48.534 [Test worker] INFO org.springframework.boot.test.context.SpringBootTestContextBootstrapper - Using TestExecutionListeners: [org.springframework.test.context.support.DirtiesContextBeforeModesTestExecutionListener@785fa4e, org.springframework.boot.test.mock.mockito.MockitoTestExecutionListener@3b204fe0, org.springframework.boot.test.autoconfigure.SpringBootDependencyInjectionTestExecutionListener@4ed7a968, org.springframework.test.context.support.DirtiesContextTestExecutionListener@91ff7ca, org.springframework.test.context.event.EventPublishingTestExecutionListener@21603b2d, org.springframework.boot.test.autoconfigure.restdocs.RestDocsTestExecutionListener@18863fae, org.springframework.boot.test.autoconfigure.web.client.MockRestServiceServerResetTestExecutionListener@6be9493f, org.springframework.boot.test.autoconfigure.web.servlet.MockMvcPrintOnlyOnFailureTestExecutionListener@1d3e522f, org.springframework.boot.test.autoconfigure.web.servlet.WebDriverTestExecutionListener@3d27abf6, org.springframework.boot.test.autoconfigure.webservices.client.MockWebServiceServerTestExecutionListener@147598b3, org.springframework.boot.test.mock.mockito.ResetMocksTestExecutionListener@35748bb3, org.springframework.cloud.contract.stubrunner.provider.wiremock.StubRunnerWireMockTestExecutionListener@5ab41818, org.springframework.cloud.contract.wiremock.WireMockTestExecutionListener@5acc60a3]
22:44:48.541 [Test worker] DEBUG org.springframework.test.context.support.AbstractDirtiesContextTestExecutionListener - Before test class: context [DefaultTestContext@672a0dcc testClass = DefaultPrivilegeContainsCheckServiceTest, testInstance = [null], testMethod = [null], testException = [null], mergedContextConfiguration = [MergedContextConfiguration@70ef1c1f testClass = DefaultPrivilegeContainsCheckServiceTest, locations = '{}', classes = '{class com.idevhub.tapas.privilege.config.BeanConfiguration, class com.idevhub.tapas.privilege.config.BeanConfiguration}', contextInitializerClasses = '[]', activeProfiles = '{}', propertySourceLocations = '{}', propertySourceProperties = '{org.springframework.boot.test.context.SpringBootTestContextBootstrapper=true}', contextCustomizers = set[org.springframework.boot.test.autoconfigure.properties.PropertyMappingContextCustomizer@4b3fa0b3, org.springframework.boot.test.autoconfigure.web.servlet.WebDriverContextCustomizerFactory$Customizer@4bb122cf, [ImportsContextCustomizer@7677f7a2 key = [org.springframework.boot.test.autoconfigure.web.servlet.MockMvcAutoConfiguration, org.springframework.boot.test.autoconfigure.web.servlet.MockMvcWebClientAutoConfiguration, org.springframework.boot.test.autoconfigure.web.servlet.MockMvcWebDriverAutoConfiguration, org.springframework.boot.autoconfigure.security.oauth2.client.servlet.OAuth2ClientAutoConfiguration, org.springframework.boot.autoconfigure.security.oauth2.resource.servlet.OAuth2ResourceServerAutoConfiguration, org.springframework.boot.autoconfigure.security.servlet.SecurityAutoConfiguration, org.springframework.boot.autoconfigure.security.servlet.UserDetailsServiceAutoConfiguration, org.springframework.boot.test.autoconfigure.web.servlet.MockMvcSecurityConfiguration]], org.springframework.boot.test.context.filter.ExcludeFilterContextCustomizer@5eb0d09c, org.springframework.boot.test.json.DuplicateJsonObjectContextCustomizerFactory$DuplicateJsonObjectContextCustomizer@6c6c2438, org.springframework.boot.test.mock.mockito.MockitoContextCustomizer@170aeb6b, org.springframework.boot.test.web.client.TestRestTemplateContextCustomizer@5a7b1373, org.springframework.boot.test.context.SpringBootTestArgs@1], contextLoader = 'org.springframework.boot.test.context.SpringBootContextLoader', parent = [null]], attributes = map[[empty]]], class annotated with @DirtiesContext [false] with mode [null].
22:44:48.632 [Test worker] DEBUG org.springframework.test.context.support.TestPropertySourceUtils - Adding inlined properties to environment: {spring.jmx.enabled=false, org.springframework.boot.test.context.SpringBootTestContextBootstrapper=true}

  .   ____          _            __ _ _
 /\\ / ___'_ __ _ _(_)_ __  __ _ \ \ \ \
( ( )\___ | '_ | '_| | '_ \/ _` | \ \ \ \
 \\/  ___)| |_)| | | | | || (_| |  ) ) ) )
  '  |____| .__|_| |_|_| |_\__, | / / / /
 =========|_|==============|___/=/_/_/_/
 :: Spring Boot ::        (v2.3.7.RELEASE)

2021-02-09 22:44:50.246  INFO 7973 --- [    Test worker] DefaultPrivilegeContainsCheckServiceTest : No active profile set, falling back to default profiles: default
2021-02-09 22:44:51.915  INFO 7973 --- [    Test worker] DefaultPrivilegeContainsCheckServiceTest : Started DefaultPrivilegeContainsCheckServiceTest in 3.276 seconds (JVM running for 5.967)
]]></system-out>
  <system-err><![CDATA[]]></system-err>
</testsuite>
